<?xml version="1.0" encoding="UTF-8"?>
<!-- Generated by org.testng.reporters.JUnitXMLReporter -->
<testsuite ignored="0" hostname="DESKTOP-1B1BE1O" failures="0" tests="4" name="ChromeTest" time="16.942" errors="0" timestamp="2025-08-16T05:42:55 IST">
  <testcase classname="testScript.LoginTest" name="validUsernameAndPassword" time="2.43"/>
  <testcase classname="testScript.LoginTest" name="validUsernameInvalidPassword" time="1.008"/>
  <testcase classname="testScript.LoginTest" name="invalidUsernameValidPassword" time="0.908"/>
  <testcase classname="testScript.LoginTest" name="invalidUsernameAnddPassword" time="0.862"/>
</testsuite> <!-- ChromeTest -->
