<?xml version="1.0" encoding="UTF-8"?>
<!-- Generated by org.testng.reporters.JUnitXMLReporter -->
<testsuite ignored="0" hostname="DESKTOP-1B1BE1O" failures="0" tests="4" name="ChromeTest2" time="27.266" errors="0" timestamp="2025-08-18T09:03:54 IST">
  <testcase classname="testScript.LoginTest" name="validUsernameAndPassword" time="2.197"/>
  <testcase classname="testScript.LoginTest" name="validUsernameInvalidPassword" time="1.314"/>
  <testcase classname="testScript.LoginTest" name="invalidUsernameValidPassword" time="0.884"/>
  <testcase classname="testScript.LoginTest" name="invalidUsernameAnddPassword" time="1.267"/>
</testsuite> <!-- ChromeTest2 -->
